<?xml version="1.0" encoding="UTF-8"?>
<!-- Generated by org.testng.reporters.JUnitReportReporter -->
<testsuite hostname="DESKTOP-QT6AUMT" failures="0" tests="1" name="prac1.GitDemo" time="0.045" errors="0" timestamp="2022-04-30T12:27:07 IST" skipped="0">
  <testcase classname="prac1.GitDemo" name="m1" time="0.045"/>
  <system-out/>
</testsuite> <!-- prac1.GitDemo -->
